<?xml version="1.0" encoding="UTF-8"?>
<robot generator="Robot 5.0 (Python 3.10.1 on win32)" generated="20220512 14:59:58.694" rpa="false" schemaversion="3">
<suite id="s1" name="Verify Valid Credential Suite" source="E:\OpenCart_Project\validation_suite\verify_valid_credential_suite.robot">
<test id="s1-t1" name="Tc1" line="14">
<kw name="Launch Browser" library="CommonFunctionality" type="SETUP">
<kw name="Append To Environment Variable" library="OperatingSystem">
<arg>Path</arg>
<arg>${EXECDIR}${/}driver</arg>
<doc>Appends given ``values`` to environment variable ``name``.</doc>
<msg timestamp="20220512 15:00:00.117" level="INFO">Environment variable 'Path' set to value 'C:\Windows\system32;C:\Windows;C:\Windows\System32\Wbem;C:\Windows\System32\WindowsPowerShell\v1.0\;C:\Program Files\Git\cmd;C:\Users\DELL\AppData\Local\Programs\Python\Python310\Scripts\;C:\Users\DELL\AppData\Local\Programs\Python\Python310\;C:\Users\DELL\AppData\Local\Microsoft\WindowsApps;C:\Users\DELL\AppData\Local\Programs\Microsoft VS Code\bin;C:\MingW\mingw32\bin;;E:\OpenCart_Project\driver'.</msg>
<status status="PASS" starttime="20220512 15:00:00.117" endtime="20220512 15:00:00.117"/>
</kw>
<kw name="Open Browser" library="SeleniumLibrary">
<arg>browser= ${BROWSER}</arg>
<doc>Opens a new browser instance to the optional ``url``.</doc>
<msg timestamp="20220512 15:00:00.118" level="INFO">Opening browser ' chrome' to base url 'None'.</msg>
<status status="PASS" starttime="20220512 15:00:00.117" endtime="20220512 15:00:02.262"/>
</kw>
<kw name="Maximize Browser Window" library="SeleniumLibrary">
<doc>Maximizes current browser window.</doc>
<status status="PASS" starttime="20220512 15:00:02.262" endtime="20220512 15:00:02.377"/>
</kw>
<kw name="Set Selenium Implicit Wait" library="SeleniumLibrary">
<arg>30s</arg>
<doc>Sets the implicit wait value used by Selenium.</doc>
<status status="PASS" starttime="20220512 15:00:02.377" endtime="20220512 15:00:02.378"/>
</kw>
<kw name="Set Screenshot Directory" library="SeleniumLibrary">
<arg>${EXECDIR}${/}screenshots</arg>
<doc>Sets the directory for captured screenshots.</doc>
<status status="PASS" starttime="20220512 15:00:02.378" endtime="20220512 15:00:02.379"/>
</kw>
<kw name="Go To" library="SeleniumLibrary">
<arg>url=https://www.opencart.com/</arg>
<doc>Navigates the current browser window to the provided ``url``.</doc>
<msg timestamp="20220512 15:00:02.379" level="INFO">Opening url 'https://www.opencart.com/'</msg>
<status status="PASS" starttime="20220512 15:00:02.379" endtime="20220512 15:00:12.721"/>
</kw>
<status status="PASS" starttime="20220512 15:00:00.116" endtime="20220512 15:00:12.722"/>
</kw>
<kw name="Invalid Credential Template">
<arg>abhi7161073@gmail.com</arg>
<arg>abhi2613</arg>
<arg>Account</arg>
<kw name="Click Element" library="SeleniumLibrary">
<arg>xpath=//a[@class='btn btn-link navbar-btn']</arg>
<doc>Click the element identified by ``locator``.</doc>
<msg timestamp="20220512 15:00:12.724" level="INFO">Clicking element 'xpath=//a[@class='btn btn-link navbar-btn']'.</msg>
<status status="PASS" starttime="20220512 15:00:12.724" endtime="20220512 15:00:14.663"/>
</kw>
<kw name="Input Text" library="SeleniumLibrary">
<arg>id=input-email</arg>
<arg>${username}</arg>
<doc>Types the given ``text`` into the text field identified by ``locator``.</doc>
<msg timestamp="20220512 15:00:14.664" level="INFO">Typing text 'abhi7161073@gmail.com' into text field 'id=input-email'.</msg>
<status status="PASS" starttime="20220512 15:00:14.663" endtime="20220512 15:00:14.785"/>
</kw>
<kw name="Input Password" library="SeleniumLibrary">
<arg>id=input-password</arg>
<arg>${password}</arg>
<doc>Types the given password into the text field identified by ``locator``.</doc>
<msg timestamp="20220512 15:00:14.785" level="INFO">Typing password into text field 'id=input-password'.</msg>
<msg timestamp="20220512 15:00:14.840" level="INFO">Temporally setting log level to: NONE</msg>
<msg timestamp="20220512 15:00:14.913" level="INFO">Log level changed from NONE to INFO.</msg>
<status status="PASS" starttime="20220512 15:00:14.785" endtime="20220512 15:00:14.913"/>
</kw>
<kw name="Click Element" library="SeleniumLibrary">
<arg>xpath=//button[text()='Login']</arg>
<doc>Click the element identified by ``locator``.</doc>
<msg timestamp="20220512 15:00:14.914" level="INFO">Clicking element 'xpath=//button[text()='Login']'.</msg>
<status status="PASS" starttime="20220512 15:00:14.914" endtime="20220512 15:00:18.595"/>
</kw>
<kw name="Input Text" library="SeleniumLibrary">
<arg>id=input-pin</arg>
<arg>9190</arg>
<doc>Types the given ``text`` into the text field identified by ``locator``.</doc>
<msg timestamp="20220512 15:00:18.595" level="INFO">Typing text '9190' into text field 'id=input-pin'.</msg>
<msg timestamp="20220512 15:00:48.833" level="INFO" html="true">&lt;/td&gt;&lt;/tr&gt;&lt;tr&gt;&lt;td colspan="3"&gt;&lt;a href="screenshots/selenium-screenshot-7.png"&gt;&lt;img src="screenshots/selenium-screenshot-7.png" width="800px"&gt;&lt;/a&gt;</msg>
<msg timestamp="20220512 15:00:48.834" level="FAIL">Element with locator 'id=input-pin' not found.</msg>
<status status="FAIL" starttime="20220512 15:00:18.595" endtime="20220512 15:00:49.073"/>
</kw>
<kw name="Click Element" library="SeleniumLibrary">
<arg>xpath=//button[text()='Continue']</arg>
<doc>Click the element identified by ``locator``.</doc>
<status status="NOT RUN" starttime="20220512 15:00:49.073" endtime="20220512 15:00:49.073"/>
</kw>
<kw name="Page Should Contain" library="SeleniumLibrary">
<arg>${expected_value}</arg>
<doc>Verifies that current page contains ``text``.</doc>
<status status="NOT RUN" starttime="20220512 15:00:49.073" endtime="20220512 15:00:49.073"/>
</kw>
<status status="FAIL" starttime="20220512 15:00:12.722" endtime="20220512 15:00:49.074"/>
</kw>
<kw name="Close Browser" library="SeleniumLibrary" type="TEARDOWN">
<doc>Closes the current browser.</doc>
<status status="PASS" starttime="20220512 15:00:49.075" endtime="20220512 15:00:51.818"/>
</kw>
<status status="FAIL" starttime="20220512 15:00:00.113" endtime="20220512 15:00:51.819">Element with locator 'id=input-pin' not found.</status>
</test>
<test id="s1-t2" name="Tc1" line="14">
<kw name="Launch Browser" library="CommonFunctionality" type="SETUP">
<kw name="Append To Environment Variable" library="OperatingSystem">
<arg>Path</arg>
<arg>${EXECDIR}${/}driver</arg>
<doc>Appends given ``values`` to environment variable ``name``.</doc>
<msg timestamp="20220512 15:00:51.827" level="INFO">Environment variable 'Path' set to value 'C:\Windows\system32;C:\Windows;C:\Windows\System32\Wbem;C:\Windows\System32\WindowsPowerShell\v1.0\;C:\Program Files\Git\cmd;C:\Users\DELL\AppData\Local\Programs\Python\Python310\Scripts\;C:\Users\DELL\AppData\Local\Programs\Python\Python310\;C:\Users\DELL\AppData\Local\Microsoft\WindowsApps;C:\Users\DELL\AppData\Local\Programs\Microsoft VS Code\bin;C:\MingW\mingw32\bin;;E:\OpenCart_Project\driver;E:\OpenCart_Project\driver'.</msg>
<status status="PASS" starttime="20220512 15:00:51.826" endtime="20220512 15:00:51.827"/>
</kw>
<kw name="Open Browser" library="SeleniumLibrary">
<arg>browser= ${BROWSER}</arg>
<doc>Opens a new browser instance to the optional ``url``.</doc>
<msg timestamp="20220512 15:00:51.828" level="INFO">Opening browser ' chrome' to base url 'None'.</msg>
<status status="PASS" starttime="20220512 15:00:51.828" endtime="20220512 15:00:54.125"/>
</kw>
<kw name="Maximize Browser Window" library="SeleniumLibrary">
<doc>Maximizes current browser window.</doc>
<status status="PASS" starttime="20220512 15:00:54.126" endtime="20220512 15:00:54.245"/>
</kw>
<kw name="Set Selenium Implicit Wait" library="SeleniumLibrary">
<arg>30s</arg>
<doc>Sets the implicit wait value used by Selenium.</doc>
<status status="PASS" starttime="20220512 15:00:54.245" endtime="20220512 15:00:54.248"/>
</kw>
<kw name="Set Screenshot Directory" library="SeleniumLibrary">
<arg>${EXECDIR}${/}screenshots</arg>
<doc>Sets the directory for captured screenshots.</doc>
<status status="PASS" starttime="20220512 15:00:54.248" endtime="20220512 15:00:54.249"/>
</kw>
<kw name="Go To" library="SeleniumLibrary">
<arg>url=https://www.opencart.com/</arg>
<doc>Navigates the current browser window to the provided ``url``.</doc>
<msg timestamp="20220512 15:00:54.250" level="INFO">Opening url 'https://www.opencart.com/'</msg>
<status status="PASS" starttime="20220512 15:00:54.250" endtime="20220512 15:00:59.133"/>
</kw>
<status status="PASS" starttime="20220512 15:00:51.826" endtime="20220512 15:00:59.134"/>
</kw>
<kw name="Invalid Credential Template">
<arg>abhi7161073@gmail.com</arg>
<arg>abhi2613</arg>
<arg>Purchases</arg>
<kw name="Click Element" library="SeleniumLibrary">
<arg>xpath=//a[@class='btn btn-link navbar-btn']</arg>
<doc>Click the element identified by ``locator``.</doc>
<msg timestamp="20220512 15:00:59.136" level="INFO">Clicking element 'xpath=//a[@class='btn btn-link navbar-btn']'.</msg>
<status status="PASS" starttime="20220512 15:00:59.136" endtime="20220512 15:01:01.979"/>
</kw>
<kw name="Input Text" library="SeleniumLibrary">
<arg>id=input-email</arg>
<arg>${username}</arg>
<doc>Types the given ``text`` into the text field identified by ``locator``.</doc>
<msg timestamp="20220512 15:01:01.980" level="INFO">Typing text 'abhi7161073@gmail.com' into text field 'id=input-email'.</msg>
<status status="PASS" starttime="20220512 15:01:01.979" endtime="20220512 15:01:02.104"/>
</kw>
<kw name="Input Password" library="SeleniumLibrary">
<arg>id=input-password</arg>
<arg>${password}</arg>
<doc>Types the given password into the text field identified by ``locator``.</doc>
<msg timestamp="20220512 15:01:02.105" level="INFO">Typing password into text field 'id=input-password'.</msg>
<msg timestamp="20220512 15:01:02.162" level="INFO">Temporally setting log level to: NONE</msg>
<msg timestamp="20220512 15:01:02.225" level="INFO">Log level changed from NONE to INFO.</msg>
<status status="PASS" starttime="20220512 15:01:02.104" endtime="20220512 15:01:02.225"/>
</kw>
<kw name="Click Element" library="SeleniumLibrary">
<arg>xpath=//button[text()='Login']</arg>
<doc>Click the element identified by ``locator``.</doc>
<msg timestamp="20220512 15:01:02.226" level="INFO">Clicking element 'xpath=//button[text()='Login']'.</msg>
<status status="PASS" starttime="20220512 15:01:02.226" endtime="20220512 15:01:04.509"/>
</kw>
<kw name="Input Text" library="SeleniumLibrary">
<arg>id=input-pin</arg>
<arg>9190</arg>
<doc>Types the given ``text`` into the text field identified by ``locator``.</doc>
<msg timestamp="20220512 15:01:04.510" level="INFO">Typing text '9190' into text field 'id=input-pin'.</msg>
<msg timestamp="20220512 15:01:17.437" level="WARN">Keyword 'Capture Page Screenshot' could not be run on failure: Message: chrome not reachable
  (Session info: chrome=101.0.4951.54)
</msg>
<msg timestamp="20220512 15:01:17.438" level="FAIL">Element with locator 'id=input-pin' not found.</msg>
<status status="FAIL" starttime="20220512 15:01:04.510" endtime="20220512 15:01:17.439"/>
</kw>
<kw name="Click Element" library="SeleniumLibrary">
<arg>xpath=//button[text()='Continue']</arg>
<doc>Click the element identified by ``locator``.</doc>
<status status="NOT RUN" starttime="20220512 15:01:17.439" endtime="20220512 15:01:17.439"/>
</kw>
<kw name="Page Should Contain" library="SeleniumLibrary">
<arg>${expected_value}</arg>
<doc>Verifies that current page contains ``text``.</doc>
<status status="NOT RUN" starttime="20220512 15:01:17.440" endtime="20220512 15:01:17.440"/>
</kw>
<status status="FAIL" starttime="20220512 15:00:59.134" endtime="20220512 15:01:17.440"/>
</kw>
<kw name="Close Browser" library="SeleniumLibrary" type="TEARDOWN">
<doc>Closes the current browser.</doc>
<status status="PASS" starttime="20220512 15:01:17.441" endtime="20220512 15:01:19.588"/>
</kw>
<status status="FAIL" starttime="20220512 15:00:51.823" endtime="20220512 15:01:19.589">Element with locator 'id=input-pin' not found.</status>
</test>
<doc>This suite will handle invalid credential
test - TC_OH_3</doc>
<status status="FAIL" starttime="20220512 14:59:58.697" endtime="20220512 15:01:19.590"/>
</suite>
<statistics>
<total>
<stat pass="0" fail="2" skip="0">All Tests</stat>
</total>
<tag>
</tag>
<suite>
<stat pass="0" fail="2" skip="0" id="s1" name="Verify Valid Credential Suite">Verify Valid Credential Suite</stat>
</suite>
</statistics>
<errors>
<msg timestamp="20220512 15:00:51.822" level="WARN">Multiple tests with name 'Tc1' executed in suite 'Verify Valid Credential Suite'.</msg>
<msg timestamp="20220512 15:01:17.437" level="WARN">Keyword 'Capture Page Screenshot' could not be run on failure: Message: chrome not reachable
  (Session info: chrome=101.0.4951.54)
</msg>
</errors>
</robot>
